34A5 .START (2016-12-07 19:12:22) phpCAS-1.3.4+ ****************** [CAS.php:467]
27D2 .START (2016-12-07 19:12:39) phpCAS-1.3.4+ ****************** [CAS.php:467]
27D2 .=> phpCAS::client('2.0', NULL, NULL, NULL) [UserController.class.php:28]
27D2 .|    => phpCAS::error('CAS_TypeMismatchException: type mismatched for parameter $server_hostname (should be \'string \'), NULL given. ') [CAS.php:361]
27D2 .|    |    CAS_TypeMismatchException: type mismatched for parameter $server_hostname (should be 'string '), NULL given.  in C:\wamp\www\th\Application\Home\Controller\UserController.class.phpon line 28 [CAS.php:565]
27D2 .|    <= ''
327F .START (2016-12-07 19:14:56) phpCAS-1.3.4+ ****************** [CAS.php:467]
327F .=> phpCAS::client('2.0', 'sso.back.domob-inc.cn', '4443', '4443') [UserController.class.php:28]
327F .|    => phpCAS::error('CAS_TypeMismatchException: type mismatched for parameter $server_port (should be \'integer \'), string given. ') [CAS.php:361]
327F .|    |    CAS_TypeMismatchException: type mismatched for parameter $server_port (should be 'integer '), string given.  in C:\wamp\www\th\Application\Home\Controller\UserController.class.phpon line 28 [CAS.php:565]
327F .|    <= ''
2E70 .START (2016-12-07 19:15:17) phpCAS-1.3.4+ ****************** [CAS.php:467]
2E70 .=> phpCAS::client('2.0', 'sso.back.domob-inc.cn', 4443, 4443) [UserController.class.php:28]
2E70 .|    => phpCAS::error('CAS_TypeMismatchException: type mismatched for parameter $server_uri (should be \'string \'), integer given. ') [CAS.php:361]
2E70 .|    |    CAS_TypeMismatchException: type mismatched for parameter $server_uri (should be 'string '), integer given.  in C:\wamp\www\th\Application\Home\Controller\UserController.class.phpon line 28 [CAS.php:565]
2E70 .|    <= ''
2D7F .START (2016-12-07 19:16:37) phpCAS-1.3.4+ ****************** [CAS.php:467]
2D7F .=> phpCAS::client('2.0', 'sso.back.domob-inc.cn', 4443, '/cas') [UserController.class.php:28]
2D7F .|    => CAS_Client::__construct('2.0', false, 'sso.back.domob-inc.cn', 4443, '/cas', true) [CAS.php:359]
2D7F .|    |    Session is not authenticated [Client.php:938]
2D7F .|    <= ''
2D7F .<= ''
2D7F .=> phpCAS::setNoCasServerValidation() [UserController.class.php:29]
2D7F .|    You have configured no validation of the legitimacy of the cas server. This is not recommended for production use. [CAS.php:1635]
2D7F .<= ''
2D7F .=> phpCAS::forceAuthentication() [UserController.class.php:32]
2D7F .|    => CAS_Client::forceAuthentication() [CAS.php:1097]
2D7F .|    |    => CAS_Client::isAuthenticated() [Client.php:1280]
2D7F .|    |    |    => CAS_Client::_wasPreviouslyAuthenticated() [Client.php:1393]
2D7F .|    |    |    |    no user found [Client.php:1635]
2D7F .|    |    |    <= false
2D7F .|    |    |    no ticket found [Client.php:1494]
2D7F .|    |    <= false
2D7F .|    |    => CAS_Client::redirectToCas(false) [Client.php:1289]
2D7F .|    |    |    => CAS_Client::getServerLoginURL(false, false) [Client.php:1656]
2D7F .|    |    |    |    => CAS_Client::getURL() [Client.php:342]
2D7F .|    |    |    |    |    Final URI: http://localhost/th/index.php?s=home/user/login [Client.php:3548]
2D7F .|    |    |    |    <= 'http://localhost/th/index.php?s=home/user/login'
2D7F .|    |    |    <= 'https://sso.back.domob-inc.cn:4443/cas/login?service=http%3A%2F%2Flocalhost%2Fth%2Findex.php%3Fs%3Dhome%2Fuser%2Flogin'
2D7F .|    |    |    Redirect to : https://sso.back.domob-inc.cn:4443/cas/login?service=http%3A%2F%2Flocalhost%2Fth%2Findex.php%3Fs%3Dhome%2Fuser%2Flogin [Client.php:1663]
2D7F .|    |    |    exit()
2D7F .|    |    |    -
2D7F .|    |    -
2D7F .|    -
EC91 .START (2016-12-07 19:16:46) phpCAS-1.3.4+ ****************** [CAS.php:467]
EC91 .=> phpCAS::client('2.0', 'sso.back.domob-inc.cn', 4443, '/cas') [UserController.class.php:28]
EC91 .|    => CAS_Client::__construct('2.0', false, 'sso.back.domob-inc.cn', 4443, '/cas', true) [CAS.php:359]
EC91 .|    |    Session is not authenticated [Client.php:938]
EC91 .|    <= ''
EC91 .<= ''
EC91 .=> phpCAS::setNoCasServerValidation() [UserController.class.php:29]
EC91 .|    You have configured no validation of the legitimacy of the cas server. This is not recommended for production use. [CAS.php:1635]
EC91 .<= ''
EC91 .=> phpCAS::forceAuthentication() [UserController.class.php:32]
EC91 .|    => CAS_Client::forceAuthentication() [CAS.php:1097]
EC91 .|    |    => CAS_Client::isAuthenticated() [Client.php:1280]
EC91 .|    |    |    => CAS_Client::_wasPreviouslyAuthenticated() [Client.php:1393]
EC91 .|    |    |    |    no user found [Client.php:1635]
EC91 .|    |    |    <= false
EC91 .|    |    |    no ticket found [Client.php:1494]
EC91 .|    |    <= false
EC91 .|    |    => CAS_Client::redirectToCas(false) [Client.php:1289]
EC91 .|    |    |    => CAS_Client::getServerLoginURL(false, false) [Client.php:1656]
EC91 .|    |    |    |    => CAS_Client::getURL() [Client.php:342]
EC91 .|    |    |    |    |    Final URI: http://localhost/th/index.php?s=home/user/login [Client.php:3548]
EC91 .|    |    |    |    <= 'http://localhost/th/index.php?s=home/user/login'
EC91 .|    |    |    <= 'https://sso.back.domob-inc.cn:4443/cas/login?service=http%3A%2F%2Flocalhost%2Fth%2Findex.php%3Fs%3Dhome%2Fuser%2Flogin'
EC91 .|    |    |    Redirect to : https://sso.back.domob-inc.cn:4443/cas/login?service=http%3A%2F%2Flocalhost%2Fth%2Findex.php%3Fs%3Dhome%2Fuser%2Flogin [Client.php:1663]
EC91 .|    |    |    exit()
EC91 .|    |    |    -
EC91 .|    |    -
EC91 .|    -
8C34 .START (2016-12-07 19:16:46) phpCAS-1.3.4+ ****************** [CAS.php:467]
8C34 .=> phpCAS::client('2.0', 'sso.back.domob-inc.cn', 4443, '/cas') [UserController.class.php:28]
8C34 .|    => CAS_Client::__construct('2.0', false, 'sso.back.domob-inc.cn', 4443, '/cas', true) [CAS.php:359]
8C34 .|    |    Session is not authenticated [Client.php:938]
8C34 .|    |    Ticket 'ST-10659-lh7eDfwAOMysAPQjoLpZ-cas' found [Client.php:1020]
8C34 .|    <= ''
8C34 .<= ''
8C34 .=> phpCAS::setNoCasServerValidation() [UserController.class.php:29]
8C34 .|    You have configured no validation of the legitimacy of the cas server. This is not recommended for production use. [CAS.php:1635]
8C34 .<= ''
8C34 .=> phpCAS::forceAuthentication() [UserController.class.php:32]
8C34 .|    => CAS_Client::forceAuthentication() [CAS.php:1097]
8C34 .|    |    => CAS_Client::isAuthenticated() [Client.php:1280]
8C34 .|    |    |    => CAS_Client::_wasPreviouslyAuthenticated() [Client.php:1393]
8C34 .|    |    |    |    no user found [Client.php:1635]
8C34 .|    |    |    <= false
8C34 .|    |    |    CAS 2.0 ticket `ST-10659-lh7eDfwAOMysAPQjoLpZ-cas' is present [Client.php:1447]
8C34 .|    |    |    => CAS_Client::validateCAS20('', NULL, NULL, false) [Client.php:1450]
8C34 .|    |    |    |     [Client.php:3169]
8C34 .|    |    |    |    => CAS_Client::getServerServiceValidateURL() [Client.php:3176]
8C34 .|    |    |    |    |    => CAS_Client::getURL() [Client.php:453]
8C34 .|    |    |    |    |    |    Final URI: http://localhost/th/index.php?s=home/user/login [Client.php:3548]
8C34 .|    |    |    |    |    <= 'http://localhost/th/index.php?s=home/user/login'
8C34 .|    |    |    |    <= 'https://sso.back.domob-inc.cn:4443/cas/serviceValidate?service=http%3A%2F%2Flocalhost%2Fth%2Findex.php%3Fs%3Dhome%2Fuser%2Flogin'
8C34 .|    |    |    |    => CAS_Client::_readURL('https://sso.back.domob-inc.cn:4443/cas/serviceValidate?service=http%3A%2F%2Flocalhost%2Fth%2Findex.php%3Fs%3Dhome%2Fuser%2Flogin&ticket=ST-10659-lh7eDfwAOMysAPQjoLpZ-cas', NULL, NULL, NULL) [Client.php:3191]
8C34 .|    |    |    |    |    => CAS_Request_CurlRequest::sendRequest() [AbstractRequest.php:242]
8C34 .|    |    |    |    |    |    Response Body: 
8C34 .|    |    |    |    |    |    <cas:serviceResponse xmlns:cas='http://www.yale.edu/tp/cas'>
8C34 .|    |    |    |    |    |    	<cas:authenticationSuccess>
8C34 .|    |    |    |    |    |    		<cas:user>luotonglong@domob.cn</cas:user>
8C34 .|    |    |    |    |    |    
8C34 .|    |    |    |    |    |    
8C34 .|    |    |    |    |    |    	</cas:authenticationSuccess>
8C34 .|    |    |    |    |    |    </cas:serviceResponse>
8C34 .|    |    |    |    |    |     [CurlRequest.php:84]
8C34 .|    |    |    |    |    <= true
8C34 .|    |    |    |    <= true
8C34 .|    |    |    |    => CAS_Client::_readExtraAttributesCas20(DOMNodeList) [Client.php:3249]
8C34 .|    |    |    |    |    Testing for rubycas style attributes [Client.php:3376]
8C34 .|    |    |    |    <= ''
8C34 .|    |    |    |    Storing Proxy List [Client.php:3258]
8C34 .|    |    |    |    => CAS_ProxyChain_AllowedList::isProxyListAllowed(array ()) [Client.php:3261]
8C34 .|    |    |    |    |    No proxies were found in the response [AllowedList.php:81]
8C34 .|    |    |    |    <= true
8C34 .|    |    |    |    => CAS_Client::_renameSession('ST-10659-lh7eDfwAOMysAPQjoLpZ-cas') [Client.php:3293]
8C34 .|    |    |    |    |    Killing session: bffa8vfm5v1lo8kfme0q25rul6 [Client.php:3681]
8C34 .|    |    |    |    |    Starting session: ST-10659-lh7eDfwAOMysAPQjoLpZ-cas [Client.php:3685]
8C34 .|    |    |    |    |    Restoring old session vars [Client.php:3688]
8C34 .|    |    |    |    <= ''
8C34 .|    |    |    <= true
8C34 .|    |    |    CAS 2.0 ticket `ST-10659-lh7eDfwAOMysAPQjoLpZ-cas' was validated [Client.php:1453]
8C34 .|    |    |    => CAS_Client::getURL() [Client.php:1518]
8C34 .|    |    |    <= 'http://localhost/th/index.php?s=home/user/login'
8C34 .|    |    |    Prepare redirect to : http://localhost/th/index.php?s=home/user/login [Client.php:1518]
8C34 .|    |    |    => CAS_Client::getURL() [Client.php:1520]
8C34 .|    |    |    <= 'http://localhost/th/index.php?s=home/user/login'
8C34 .|    |    |    exit()
8C34 .|    |    |    -
8C34 .|    |    -
8C34 .|    -
49B8 .START (2016-12-07 19:16:47) phpCAS-1.3.4+ ****************** [CAS.php:467]
49B8 .=> phpCAS::client('2.0', 'sso.back.domob-inc.cn', 4443, '/cas') [UserController.class.php:28]
49B8 .|    => CAS_Client::__construct('2.0', false, 'sso.back.domob-inc.cn', 4443, '/cas', true) [CAS.php:359]
49B8 .|    |    Session is authenticated as: luotonglong@domob.cn [Client.php:936]
49B8 .|    <= ''
49B8 .<= ''
49B8 .=> phpCAS::setNoCasServerValidation() [UserController.class.php:29]
49B8 .|    You have configured no validation of the legitimacy of the cas server. This is not recommended for production use. [CAS.php:1635]
49B8 .<= ''
49B8 .=> phpCAS::forceAuthentication() [UserController.class.php:32]
49B8 .|    => CAS_Client::forceAuthentication() [CAS.php:1097]
49B8 .|    |    => CAS_Client::isAuthenticated() [Client.php:1280]
49B8 .|    |    |    => CAS_Client::_wasPreviouslyAuthenticated() [Client.php:1393]
49B8 .|    |    |    |    user = `luotonglong@domob.cn' [Client.php:1622]
49B8 .|    |    |    <= true
49B8 .|    |    |    user was already authenticated, no need to look for tickets [Client.php:1417]
49B8 .|    |    <= true
49B8 .|    |    no need to authenticate [Client.php:1282]
49B8 .|    <= true
49B8 .<= ''
547D .START (2016-12-07 19:16:58) phpCAS-1.3.4+ ****************** [CAS.php:467]
547D .=> phpCAS::client('2.0', 'sso.back.domob-inc.cn', 4443, '/cas') [UserController.class.php:28]
547D .|    => CAS_Client::__construct('2.0', false, 'sso.back.domob-inc.cn', 4443, '/cas', true) [CAS.php:359]
547D .|    |    Session is not authenticated [Client.php:938]
547D .|    <= ''
547D .<= ''
547D .=> phpCAS::setNoCasServerValidation() [UserController.class.php:29]
547D .|    You have configured no validation of the legitimacy of the cas server. This is not recommended for production use. [CAS.php:1635]
547D .<= ''
547D .=> phpCAS::forceAuthentication() [UserController.class.php:32]
547D .|    => CAS_Client::forceAuthentication() [CAS.php:1097]
547D .|    |    => CAS_Client::isAuthenticated() [Client.php:1280]
547D .|    |    |    => CAS_Client::_wasPreviouslyAuthenticated() [Client.php:1393]
547D .|    |    |    |    no user found [Client.php:1635]
547D .|    |    |    <= false
547D .|    |    |    no ticket found [Client.php:1494]
547D .|    |    <= false
547D .|    |    => CAS_Client::redirectToCas(false) [Client.php:1289]
547D .|    |    |    => CAS_Client::getServerLoginURL(false, false) [Client.php:1656]
547D .|    |    |    |    => CAS_Client::getURL() [Client.php:342]
547D .|    |    |    |    |    Final URI: http://localhost/th/index.php?s=home/user/login [Client.php:3548]
547D .|    |    |    |    <= 'http://localhost/th/index.php?s=home/user/login'
547D .|    |    |    <= 'https://sso.back.domob-inc.cn:4443/cas/login?service=http%3A%2F%2Flocalhost%2Fth%2Findex.php%3Fs%3Dhome%2Fuser%2Flogin'
547D .|    |    |    Redirect to : https://sso.back.domob-inc.cn:4443/cas/login?service=http%3A%2F%2Flocalhost%2Fth%2Findex.php%3Fs%3Dhome%2Fuser%2Flogin [Client.php:1663]
547D .|    |    |    exit()
547D .|    |    |    -
547D .|    |    -
547D .|    -
40B1 .START (2016-12-07 19:16:59) phpCAS-1.3.4+ ****************** [CAS.php:467]
40B1 .=> phpCAS::client('2.0', 'sso.back.domob-inc.cn', 4443, '/cas') [UserController.class.php:28]
40B1 .|    => CAS_Client::__construct('2.0', false, 'sso.back.domob-inc.cn', 4443, '/cas', true) [CAS.php:359]
40B1 .|    |    Session is not authenticated [Client.php:938]
40B1 .|    <= ''
40B1 .<= ''
40B1 .=> phpCAS::setNoCasServerValidation() [UserController.class.php:29]
40B1 .|    You have configured no validation of the legitimacy of the cas server. This is not recommended for production use. [CAS.php:1635]
40B1 .<= ''
40B1 .=> phpCAS::forceAuthentication() [UserController.class.php:32]
40B1 .|    => CAS_Client::forceAuthentication() [CAS.php:1097]
40B1 .|    |    => CAS_Client::isAuthenticated() [Client.php:1280]
40B1 .|    |    |    => CAS_Client::_wasPreviouslyAuthenticated() [Client.php:1393]
40B1 .|    |    |    |    no user found [Client.php:1635]
40B1 .|    |    |    <= false
40B1 .|    |    |    no ticket found [Client.php:1494]
40B1 .|    |    <= false
40B1 .|    |    => CAS_Client::redirectToCas(false) [Client.php:1289]
40B1 .|    |    |    => CAS_Client::getServerLoginURL(false, false) [Client.php:1656]
40B1 .|    |    |    |    => CAS_Client::getURL() [Client.php:342]
40B1 .|    |    |    |    |    Final URI: http://localhost/th/index.php?s=home/user/login [Client.php:3548]
40B1 .|    |    |    |    <= 'http://localhost/th/index.php?s=home/user/login'
40B1 .|    |    |    <= 'https://sso.back.domob-inc.cn:4443/cas/login?service=http%3A%2F%2Flocalhost%2Fth%2Findex.php%3Fs%3Dhome%2Fuser%2Flogin'
40B1 .|    |    |    Redirect to : https://sso.back.domob-inc.cn:4443/cas/login?service=http%3A%2F%2Flocalhost%2Fth%2Findex.php%3Fs%3Dhome%2Fuser%2Flogin [Client.php:1663]
40B1 .|    |    |    exit()
40B1 .|    |    |    -
40B1 .|    |    -
40B1 .|    -
D080 .START (2016-12-07 19:17:00) phpCAS-1.3.4+ ****************** [CAS.php:467]
D080 .=> phpCAS::client('2.0', 'sso.back.domob-inc.cn', 4443, '/cas') [UserController.class.php:28]
D080 .|    => CAS_Client::__construct('2.0', false, 'sso.back.domob-inc.cn', 4443, '/cas', true) [CAS.php:359]
D080 .|    |    Session is not authenticated [Client.php:938]
D080 .|    <= ''
D080 .<= ''
D080 .=> phpCAS::setNoCasServerValidation() [UserController.class.php:29]
D080 .|    You have configured no validation of the legitimacy of the cas server. This is not recommended for production use. [CAS.php:1635]
D080 .<= ''
D080 .=> phpCAS::forceAuthentication() [UserController.class.php:32]
D080 .|    => CAS_Client::forceAuthentication() [CAS.php:1097]
D080 .|    |    => CAS_Client::isAuthenticated() [Client.php:1280]
D080 .|    |    |    => CAS_Client::_wasPreviouslyAuthenticated() [Client.php:1393]
D080 .|    |    |    |    no user found [Client.php:1635]
D080 .|    |    |    <= false
D080 .|    |    |    no ticket found [Client.php:1494]
D080 .|    |    <= false
D080 .|    |    => CAS_Client::redirectToCas(false) [Client.php:1289]
D080 .|    |    |    => CAS_Client::getServerLoginURL(false, false) [Client.php:1656]
D080 .|    |    |    |    => CAS_Client::getURL() [Client.php:342]
D080 .|    |    |    |    |    Final URI: http://localhost/th/index.php?s=home/user/login [Client.php:3548]
D080 .|    |    |    |    <= 'http://localhost/th/index.php?s=home/user/login'
D080 .|    |    |    <= 'https://sso.back.domob-inc.cn:4443/cas/login?service=http%3A%2F%2Flocalhost%2Fth%2Findex.php%3Fs%3Dhome%2Fuser%2Flogin'
D080 .|    |    |    Redirect to : https://sso.back.domob-inc.cn:4443/cas/login?service=http%3A%2F%2Flocalhost%2Fth%2Findex.php%3Fs%3Dhome%2Fuser%2Flogin [Client.php:1663]
D080 .|    |    |    exit()
D080 .|    |    |    -
D080 .|    |    -
D080 .|    -
879B .START (2016-12-07 19:17:18) phpCAS-1.3.4+ ****************** [CAS.php:467]
879B .=> phpCAS::client('2.0', 'sso.back.domob-inc.cn', 4443, '/cas') [UserController.class.php:28]
879B .|    => CAS_Client::__construct('2.0', false, 'sso.back.domob-inc.cn', 4443, '/cas', true) [CAS.php:359]
879B .|    |    Session is authenticated as: luotonglong@domob.cn [Client.php:936]
879B .|    <= ''
879B .<= ''
879B .=> phpCAS::setNoCasServerValidation() [UserController.class.php:29]
879B .|    You have configured no validation of the legitimacy of the cas server. This is not recommended for production use. [CAS.php:1635]
879B .<= ''
879B .=> phpCAS::forceAuthentication() [UserController.class.php:32]
879B .|    => CAS_Client::forceAuthentication() [CAS.php:1097]
879B .|    |    => CAS_Client::isAuthenticated() [Client.php:1280]
879B .|    |    |    => CAS_Client::_wasPreviouslyAuthenticated() [Client.php:1393]
879B .|    |    |    |    user = `luotonglong@domob.cn' [Client.php:1622]
879B .|    |    |    <= true
879B .|    |    |    user was already authenticated, no need to look for tickets [Client.php:1417]
879B .|    |    <= true
879B .|    |    no need to authenticate [Client.php:1282]
879B .|    <= true
879B .<= ''
9740 .START (2016-12-07 19:19:30) phpCAS-1.3.4+ ****************** [CAS.php:467]
9740 .=> phpCAS::client('2.0', 'sso.back.domob-inc.cn', 4443, '/cas') [UserController.class.php:28]
9740 .|    => CAS_Client::__construct('2.0', false, 'sso.back.domob-inc.cn', 4443, '/cas', true) [CAS.php:359]
9740 .|    |    Session is not authenticated [Client.php:938]
9740 .|    <= ''
9740 .<= ''
9740 .=> phpCAS::setNoCasServerValidation() [UserController.class.php:29]
9740 .|    You have configured no validation of the legitimacy of the cas server. This is not recommended for production use. [CAS.php:1635]
9740 .<= ''
9740 .=> phpCAS::forceAuthentication() [UserController.class.php:32]
9740 .|    => CAS_Client::forceAuthentication() [CAS.php:1097]
9740 .|    |    => CAS_Client::isAuthenticated() [Client.php:1280]
9740 .|    |    |    => CAS_Client::_wasPreviouslyAuthenticated() [Client.php:1393]
9740 .|    |    |    |    no user found [Client.php:1635]
9740 .|    |    |    <= false
9740 .|    |    |    no ticket found [Client.php:1494]
9740 .|    |    <= false
9740 .|    |    => CAS_Client::redirectToCas(false) [Client.php:1289]
9740 .|    |    |    => CAS_Client::getServerLoginURL(false, false) [Client.php:1656]
9740 .|    |    |    |    => CAS_Client::getURL() [Client.php:342]
9740 .|    |    |    |    |    Final URI: http://localhost/th/index.php?s=home/user/login [Client.php:3548]
9740 .|    |    |    |    <= 'http://localhost/th/index.php?s=home/user/login'
9740 .|    |    |    <= 'https://sso.back.domob-inc.cn:4443/cas/login?service=http%3A%2F%2Flocalhost%2Fth%2Findex.php%3Fs%3Dhome%2Fuser%2Flogin'
9740 .|    |    |    Redirect to : https://sso.back.domob-inc.cn:4443/cas/login?service=http%3A%2F%2Flocalhost%2Fth%2Findex.php%3Fs%3Dhome%2Fuser%2Flogin [Client.php:1663]
9740 .|    |    |    exit()
9740 .|    |    |    -
9740 .|    |    -
9740 .|    -
9C18 .START (2016-12-07 19:19:31) phpCAS-1.3.4+ ****************** [CAS.php:467]
9C18 .=> phpCAS::client('2.0', 'sso.back.domob-inc.cn', 4443, '/cas') [UserController.class.php:28]
9C18 .|    => CAS_Client::__construct('2.0', false, 'sso.back.domob-inc.cn', 4443, '/cas', true) [CAS.php:359]
9C18 .|    |    Session is not authenticated [Client.php:938]
9C18 .|    <= ''
9C18 .<= ''
9C18 .=> phpCAS::setNoCasServerValidation() [UserController.class.php:29]
9C18 .|    You have configured no validation of the legitimacy of the cas server. This is not recommended for production use. [CAS.php:1635]
9C18 .<= ''
9C18 .=> phpCAS::forceAuthentication() [UserController.class.php:32]
9C18 .|    => CAS_Client::forceAuthentication() [CAS.php:1097]
9C18 .|    |    => CAS_Client::isAuthenticated() [Client.php:1280]
9C18 .|    |    |    => CAS_Client::_wasPreviouslyAuthenticated() [Client.php:1393]
9C18 .|    |    |    |    no user found [Client.php:1635]
9C18 .|    |    |    <= false
9C18 .|    |    |    no ticket found [Client.php:1494]
9C18 .|    |    <= false
9C18 .|    |    => CAS_Client::redirectToCas(false) [Client.php:1289]
9C18 .|    |    |    => CAS_Client::getServerLoginURL(false, false) [Client.php:1656]
9C18 .|    |    |    |    => CAS_Client::getURL() [Client.php:342]
9C18 .|    |    |    |    |    Final URI: http://localhost/th/index.php?s=home/user/login [Client.php:3548]
9C18 .|    |    |    |    <= 'http://localhost/th/index.php?s=home/user/login'
9C18 .|    |    |    <= 'https://sso.back.domob-inc.cn:4443/cas/login?service=http%3A%2F%2Flocalhost%2Fth%2Findex.php%3Fs%3Dhome%2Fuser%2Flogin'
9C18 .|    |    |    Redirect to : https://sso.back.domob-inc.cn:4443/cas/login?service=http%3A%2F%2Flocalhost%2Fth%2Findex.php%3Fs%3Dhome%2Fuser%2Flogin [Client.php:1663]
9C18 .|    |    |    exit()
9C18 .|    |    |    -
9C18 .|    |    -
9C18 .|    -
033F .START (2016-12-07 19:19:36) phpCAS-1.3.4+ ****************** [CAS.php:467]
033F .=> phpCAS::client('2.0', 'sso.back.domob-inc.cn', 4443, '/cas') [UserController.class.php:28]
033F .|    => CAS_Client::__construct('2.0', false, 'sso.back.domob-inc.cn', 4443, '/cas', true) [CAS.php:359]
033F .|    |    Session is not authenticated [Client.php:938]
033F .|    <= ''
033F .<= ''
033F .=> phpCAS::setNoCasServerValidation() [UserController.class.php:29]
033F .|    You have configured no validation of the legitimacy of the cas server. This is not recommended for production use. [CAS.php:1635]
033F .<= ''
033F .=> phpCAS::forceAuthentication() [UserController.class.php:32]
033F .|    => CAS_Client::forceAuthentication() [CAS.php:1097]
033F .|    |    => CAS_Client::isAuthenticated() [Client.php:1280]
033F .|    |    |    => CAS_Client::_wasPreviouslyAuthenticated() [Client.php:1393]
033F .|    |    |    |    no user found [Client.php:1635]
033F .|    |    |    <= false
033F .|    |    |    no ticket found [Client.php:1494]
033F .|    |    <= false
033F .|    |    => CAS_Client::redirectToCas(false) [Client.php:1289]
033F .|    |    |    => CAS_Client::getServerLoginURL(false, false) [Client.php:1656]
033F .|    |    |    |    => CAS_Client::getURL() [Client.php:342]
033F .|    |    |    |    |    Final URI: http://localhost/th/index.php?s=home/user/login [Client.php:3548]
033F .|    |    |    |    <= 'http://localhost/th/index.php?s=home/user/login'
033F .|    |    |    <= 'https://sso.back.domob-inc.cn:4443/cas/login?service=http%3A%2F%2Flocalhost%2Fth%2Findex.php%3Fs%3Dhome%2Fuser%2Flogin'
033F .|    |    |    Redirect to : https://sso.back.domob-inc.cn:4443/cas/login?service=http%3A%2F%2Flocalhost%2Fth%2Findex.php%3Fs%3Dhome%2Fuser%2Flogin [Client.php:1663]
033F .|    |    |    exit()
033F .|    |    |    -
033F .|    |    -
033F .|    -
3824 .START (2016-12-07 19:19:42) phpCAS-1.3.4+ ****************** [CAS.php:467]
3824 .=> phpCAS::client('2.0', 'sso.back.domob-inc.cn', 4443, '/cas') [UserController.class.php:28]
3824 .|    => CAS_Client::__construct('2.0', false, 'sso.back.domob-inc.cn', 4443, '/cas', true) [CAS.php:359]
3824 .|    |    Session is authenticated as: luotonglong@domob.cn [Client.php:936]
3824 .|    <= ''
3824 .<= ''
3824 .=> phpCAS::setNoCasServerValidation() [UserController.class.php:29]
3824 .|    You have configured no validation of the legitimacy of the cas server. This is not recommended for production use. [CAS.php:1635]
3824 .<= ''
3824 .=> phpCAS::forceAuthentication() [UserController.class.php:32]
3824 .|    => CAS_Client::forceAuthentication() [CAS.php:1097]
3824 .|    |    => CAS_Client::isAuthenticated() [Client.php:1280]
3824 .|    |    |    => CAS_Client::_wasPreviouslyAuthenticated() [Client.php:1393]
3824 .|    |    |    |    user = `luotonglong@domob.cn' [Client.php:1622]
3824 .|    |    |    <= true
3824 .|    |    |    user was already authenticated, no need to look for tickets [Client.php:1417]
3824 .|    |    <= true
3824 .|    |    no need to authenticate [Client.php:1282]
3824 .|    <= true
3824 .<= ''
B9D8 .START (2016-12-07 19:19:45) phpCAS-1.3.4+ ****************** [CAS.php:467]
B9D8 .=> phpCAS::client('2.0', 'sso.back.domob-inc.cn', 4443, '/cas') [UserController.class.php:28]
B9D8 .|    => CAS_Client::__construct('2.0', false, 'sso.back.domob-inc.cn', 4443, '/cas', true) [CAS.php:359]
B9D8 .|    |    Session is authenticated as: luotonglong@domob.cn [Client.php:936]
B9D8 .|    <= ''
B9D8 .<= ''
B9D8 .=> phpCAS::setNoCasServerValidation() [UserController.class.php:29]
B9D8 .|    You have configured no validation of the legitimacy of the cas server. This is not recommended for production use. [CAS.php:1635]
B9D8 .<= ''
B9D8 .=> phpCAS::forceAuthentication() [UserController.class.php:32]
B9D8 .|    => CAS_Client::forceAuthentication() [CAS.php:1097]
B9D8 .|    |    => CAS_Client::isAuthenticated() [Client.php:1280]
B9D8 .|    |    |    => CAS_Client::_wasPreviouslyAuthenticated() [Client.php:1393]
B9D8 .|    |    |    |    user = `luotonglong@domob.cn' [Client.php:1622]
B9D8 .|    |    |    <= true
B9D8 .|    |    |    user was already authenticated, no need to look for tickets [Client.php:1417]
B9D8 .|    |    <= true
B9D8 .|    |    no need to authenticate [Client.php:1282]
B9D8 .|    <= true
B9D8 .<= ''
5915 .START (2016-12-07 19:20:01) phpCAS-1.3.4+ ****************** [CAS.php:467]
5915 .=> phpCAS::client('2.0', 'sso.back.domob-inc.cn', 4443, '/cas') [UserController.class.php:28]
5915 .|    => CAS_Client::__construct('2.0', false, 'sso.back.domob-inc.cn', 4443, '/cas', true) [CAS.php:359]
5915 .|    |    Session is authenticated as: luotonglong@domob.cn [Client.php:936]
5915 .|    <= ''
5915 .<= ''
5915 .=> phpCAS::setNoCasServerValidation() [UserController.class.php:29]
5915 .|    You have configured no validation of the legitimacy of the cas server. This is not recommended for production use. [CAS.php:1635]
5915 .<= ''
5915 .=> phpCAS::forceAuthentication() [UserController.class.php:32]
5915 .|    => CAS_Client::forceAuthentication() [CAS.php:1097]
5915 .|    |    => CAS_Client::isAuthenticated() [Client.php:1280]
5915 .|    |    |    => CAS_Client::_wasPreviouslyAuthenticated() [Client.php:1393]
5915 .|    |    |    |    user = `luotonglong@domob.cn' [Client.php:1622]
5915 .|    |    |    <= true
5915 .|    |    |    user was already authenticated, no need to look for tickets [Client.php:1417]
5915 .|    |    <= true
5915 .|    |    no need to authenticate [Client.php:1282]
5915 .|    <= true
5915 .<= ''
9FE0 .START (2016-12-07 19:20:32) phpCAS-1.3.4+ ****************** [CAS.php:467]
9FE0 .=> phpCAS::client('2.0', 'sso.back.domob-inc.cn', 4443, '/cas') [UserController.class.php:28]
9FE0 .|    => CAS_Client::__construct('2.0', false, 'sso.back.domob-inc.cn', 4443, '/cas', true) [CAS.php:359]
9FE0 .|    |    Session is authenticated as: luotonglong@domob.cn [Client.php:936]
9FE0 .|    <= ''
9FE0 .<= ''
9FE0 .=> phpCAS::setNoCasServerValidation() [UserController.class.php:29]
9FE0 .|    You have configured no validation of the legitimacy of the cas server. This is not recommended for production use. [CAS.php:1635]
9FE0 .<= ''
9FE0 .=> phpCAS::forceAuthentication() [UserController.class.php:32]
9FE0 .|    => CAS_Client::forceAuthentication() [CAS.php:1097]
9FE0 .|    |    => CAS_Client::isAuthenticated() [Client.php:1280]
9FE0 .|    |    |    => CAS_Client::_wasPreviouslyAuthenticated() [Client.php:1393]
9FE0 .|    |    |    |    user = `luotonglong@domob.cn' [Client.php:1622]
9FE0 .|    |    |    <= true
9FE0 .|    |    |    user was already authenticated, no need to look for tickets [Client.php:1417]
9FE0 .|    |    <= true
9FE0 .|    |    no need to authenticate [Client.php:1282]
9FE0 .|    <= true
9FE0 .<= ''
9BA8 .START (2016-12-07 19:20:51) phpCAS-1.3.4+ ****************** [CAS.php:467]
9BA8 .=> phpCAS::client('2.0', 'sso.back.domob-inc.cn', 4443, '/cas') [UserController.class.php:28]
9BA8 .|    => CAS_Client::__construct('2.0', false, 'sso.back.domob-inc.cn', 4443, '/cas', true) [CAS.php:359]
9BA8 .|    |    Session is authenticated as: luotonglong@domob.cn [Client.php:936]
9BA8 .|    <= ''
9BA8 .<= ''
9BA8 .=> phpCAS::setNoCasServerValidation() [UserController.class.php:29]
9BA8 .|    You have configured no validation of the legitimacy of the cas server. This is not recommended for production use. [CAS.php:1635]
9BA8 .<= ''
9BA8 .=> phpCAS::forceAuthentication() [UserController.class.php:32]
9BA8 .|    => CAS_Client::forceAuthentication() [CAS.php:1097]
9BA8 .|    |    => CAS_Client::isAuthenticated() [Client.php:1280]
9BA8 .|    |    |    => CAS_Client::_wasPreviouslyAuthenticated() [Client.php:1393]
9BA8 .|    |    |    |    user = `luotonglong@domob.cn' [Client.php:1622]
9BA8 .|    |    |    <= true
9BA8 .|    |    |    user was already authenticated, no need to look for tickets [Client.php:1417]
9BA8 .|    |    <= true
9BA8 .|    |    no need to authenticate [Client.php:1282]
9BA8 .|    <= true
9BA8 .<= ''
A70F .START (2016-12-07 19:21:00) phpCAS-1.3.4+ ****************** [CAS.php:467]
A70F .=> phpCAS::client('2.0', 'sso.back.domob-inc.cn', 4443, '/cas') [UserController.class.php:28]
A70F .|    => CAS_Client::__construct('2.0', false, 'sso.back.domob-inc.cn', 4443, '/cas', true) [CAS.php:359]
A70F .|    |    Session is authenticated as: luotonglong@domob.cn [Client.php:936]
A70F .|    <= ''
A70F .<= ''
A70F .=> phpCAS::setNoCasServerValidation() [UserController.class.php:29]
A70F .|    You have configured no validation of the legitimacy of the cas server. This is not recommended for production use. [CAS.php:1635]
A70F .<= ''
A70F .=> phpCAS::forceAuthentication() [UserController.class.php:32]
A70F .|    => CAS_Client::forceAuthentication() [CAS.php:1097]
A70F .|    |    => CAS_Client::isAuthenticated() [Client.php:1280]
A70F .|    |    |    => CAS_Client::_wasPreviouslyAuthenticated() [Client.php:1393]
A70F .|    |    |    |    user = `luotonglong@domob.cn' [Client.php:1622]
A70F .|    |    |    <= true
A70F .|    |    |    user was already authenticated, no need to look for tickets [Client.php:1417]
A70F .|    |    <= true
A70F .|    |    no need to authenticate [Client.php:1282]
A70F .|    <= true
A70F .<= ''
0D04 .START (2016-12-07 19:21:54) phpCAS-1.3.4+ ****************** [CAS.php:467]
0D04 .=> phpCAS::client('2.0', 'sso.back.domob-inc.cn', 4443, '/cas') [UserController.class.php:28]
0D04 .|    => CAS_Client::__construct('2.0', false, 'sso.back.domob-inc.cn', 4443, '/cas', true) [CAS.php:359]
0D04 .|    |    Session is authenticated as: luotonglong@domob.cn [Client.php:936]
0D04 .|    <= ''
0D04 .<= ''
0D04 .=> phpCAS::setNoCasServerValidation() [UserController.class.php:29]
0D04 .|    You have configured no validation of the legitimacy of the cas server. This is not recommended for production use. [CAS.php:1635]
0D04 .<= ''
0D04 .=> phpCAS::forceAuthentication() [UserController.class.php:32]
0D04 .|    => CAS_Client::forceAuthentication() [CAS.php:1097]
0D04 .|    |    => CAS_Client::isAuthenticated() [Client.php:1280]
0D04 .|    |    |    => CAS_Client::_wasPreviouslyAuthenticated() [Client.php:1393]
0D04 .|    |    |    |    user = `luotonglong@domob.cn' [Client.php:1622]
0D04 .|    |    |    <= true
0D04 .|    |    |    user was already authenticated, no need to look for tickets [Client.php:1417]
0D04 .|    |    <= true
0D04 .|    |    no need to authenticate [Client.php:1282]
0D04 .|    <= true
0D04 .<= ''
0D12 .START (2016-12-07 19:22:06) phpCAS-1.3.4+ ****************** [CAS.php:467]
0D12 .=> phpCAS::client('2.0', 'sso.back.domob-inc.cn', 4443, '/cas') [UserController.class.php:28]
0D12 .|    => CAS_Client::__construct('2.0', false, 'sso.back.domob-inc.cn', 4443, '/cas', true) [CAS.php:359]
0D12 .|    |    Session is not authenticated [Client.php:938]
0D12 .|    <= ''
0D12 .<= ''
0D12 .=> phpCAS::setNoCasServerValidation() [UserController.class.php:29]
0D12 .|    You have configured no validation of the legitimacy of the cas server. This is not recommended for production use. [CAS.php:1635]
0D12 .<= ''
0D12 .=> phpCAS::forceAuthentication() [UserController.class.php:32]
0D12 .|    => CAS_Client::forceAuthentication() [CAS.php:1097]
0D12 .|    |    => CAS_Client::isAuthenticated() [Client.php:1280]
0D12 .|    |    |    => CAS_Client::_wasPreviouslyAuthenticated() [Client.php:1393]
0D12 .|    |    |    |    no user found [Client.php:1635]
0D12 .|    |    |    <= false
0D12 .|    |    |    no ticket found [Client.php:1494]
0D12 .|    |    <= false
0D12 .|    |    => CAS_Client::redirectToCas(false) [Client.php:1289]
0D12 .|    |    |    => CAS_Client::getServerLoginURL(false, false) [Client.php:1656]
0D12 .|    |    |    |    => CAS_Client::getURL() [Client.php:342]
0D12 .|    |    |    |    |    Final URI: http://localhost/th/index.php?s=home/user/login [Client.php:3548]
0D12 .|    |    |    |    <= 'http://localhost/th/index.php?s=home/user/login'
0D12 .|    |    |    <= 'https://sso.back.domob-inc.cn:4443/cas/login?service=http%3A%2F%2Flocalhost%2Fth%2Findex.php%3Fs%3Dhome%2Fuser%2Flogin'
0D12 .|    |    |    Redirect to : https://sso.back.domob-inc.cn:4443/cas/login?service=http%3A%2F%2Flocalhost%2Fth%2Findex.php%3Fs%3Dhome%2Fuser%2Flogin [Client.php:1663]
0D12 .|    |    |    exit()
0D12 .|    |    |    -
0D12 .|    |    -
0D12 .|    -
D894 .START (2016-12-07 19:22:37) phpCAS-1.3.4+ ****************** [CAS.php:467]
D894 .=> phpCAS::client('2.0', 'sso.back.domob-inc.cn', 4443, '/cas') [UserController.class.php:28]
D894 .|    => CAS_Client::__construct('2.0', false, 'sso.back.domob-inc.cn', 4443, '/cas', true) [CAS.php:359]
D894 .|    |    Session is authenticated as: luotonglong@domob.cn [Client.php:936]
D894 .|    <= ''
D894 .<= ''
D894 .=> phpCAS::setNoCasServerValidation() [UserController.class.php:29]
D894 .|    You have configured no validation of the legitimacy of the cas server. This is not recommended for production use. [CAS.php:1635]
D894 .<= ''
D894 .=> phpCAS::forceAuthentication() [UserController.class.php:32]
D894 .|    => CAS_Client::forceAuthentication() [CAS.php:1097]
D894 .|    |    => CAS_Client::isAuthenticated() [Client.php:1280]
D894 .|    |    |    => CAS_Client::_wasPreviouslyAuthenticated() [Client.php:1393]
D894 .|    |    |    |    user = `luotonglong@domob.cn' [Client.php:1622]
D894 .|    |    |    <= true
D894 .|    |    |    user was already authenticated, no need to look for tickets [Client.php:1417]
D894 .|    |    <= true
D894 .|    |    no need to authenticate [Client.php:1282]
D894 .|    <= true
D894 .<= ''
023E .START (2016-12-07 19:22:46) phpCAS-1.3.4+ ****************** [CAS.php:467]
023E .=> phpCAS::client('2.0', 'sso.back.domob-inc.cn', 4443, '/cas') [UserController.class.php:28]
023E .|    => CAS_Client::__construct('2.0', false, 'sso.back.domob-inc.cn', 4443, '/cas', true) [CAS.php:359]
023E .|    |    Session is not authenticated [Client.php:938]
023E .|    <= ''
023E .<= ''
023E .=> phpCAS::setNoCasServerValidation() [UserController.class.php:29]
023E .|    You have configured no validation of the legitimacy of the cas server. This is not recommended for production use. [CAS.php:1635]
023E .<= ''
023E .=> phpCAS::forceAuthentication() [UserController.class.php:32]
023E .|    => CAS_Client::forceAuthentication() [CAS.php:1097]
023E .|    |    => CAS_Client::isAuthenticated() [Client.php:1280]
023E .|    |    |    => CAS_Client::_wasPreviouslyAuthenticated() [Client.php:1393]
023E .|    |    |    |    no user found [Client.php:1635]
023E .|    |    |    <= false
023E .|    |    |    no ticket found [Client.php:1494]
023E .|    |    <= false
023E .|    |    => CAS_Client::redirectToCas(false) [Client.php:1289]
023E .|    |    |    => CAS_Client::getServerLoginURL(false, false) [Client.php:1656]
023E .|    |    |    |    => CAS_Client::getURL() [Client.php:342]
023E .|    |    |    |    |    Final URI: http://localhost/th/index.php?s=home/user/login [Client.php:3548]
023E .|    |    |    |    <= 'http://localhost/th/index.php?s=home/user/login'
023E .|    |    |    <= 'https://sso.back.domob-inc.cn:4443/cas/login?service=http%3A%2F%2Flocalhost%2Fth%2Findex.php%3Fs%3Dhome%2Fuser%2Flogin'
023E .|    |    |    Redirect to : https://sso.back.domob-inc.cn:4443/cas/login?service=http%3A%2F%2Flocalhost%2Fth%2Findex.php%3Fs%3Dhome%2Fuser%2Flogin [Client.php:1663]
023E .|    |    |    exit()
023E .|    |    |    -
023E .|    |    -
023E .|    -
13F4 .START (2016-12-07 19:22:46) phpCAS-1.3.4+ ****************** [CAS.php:467]
13F4 .=> phpCAS::client('2.0', 'sso.back.domob-inc.cn', 4443, '/cas') [UserController.class.php:28]
13F4 .|    => CAS_Client::__construct('2.0', false, 'sso.back.domob-inc.cn', 4443, '/cas', true) [CAS.php:359]
13F4 .|    |    Session is not authenticated [Client.php:938]
13F4 .|    |    Ticket 'ST-10663-weF01x7xd5JbSQYQYgfc-cas' found [Client.php:1020]
13F4 .|    <= ''
13F4 .<= ''
13F4 .=> phpCAS::setNoCasServerValidation() [UserController.class.php:29]
13F4 .|    You have configured no validation of the legitimacy of the cas server. This is not recommended for production use. [CAS.php:1635]
13F4 .<= ''
13F4 .=> phpCAS::forceAuthentication() [UserController.class.php:32]
13F4 .|    => CAS_Client::forceAuthentication() [CAS.php:1097]
13F4 .|    |    => CAS_Client::isAuthenticated() [Client.php:1280]
13F4 .|    |    |    => CAS_Client::_wasPreviouslyAuthenticated() [Client.php:1393]
13F4 .|    |    |    |    no user found [Client.php:1635]
13F4 .|    |    |    <= false
13F4 .|    |    |    CAS 2.0 ticket `ST-10663-weF01x7xd5JbSQYQYgfc-cas' is present [Client.php:1447]
13F4 .|    |    |    => CAS_Client::validateCAS20('', NULL, NULL, false) [Client.php:1450]
13F4 .|    |    |    |     [Client.php:3169]
13F4 .|    |    |    |    => CAS_Client::getServerServiceValidateURL() [Client.php:3176]
13F4 .|    |    |    |    |    => CAS_Client::getURL() [Client.php:453]
13F4 .|    |    |    |    |    |    Final URI: http://localhost/th/index.php?s=home/user/login [Client.php:3548]
13F4 .|    |    |    |    |    <= 'http://localhost/th/index.php?s=home/user/login'
13F4 .|    |    |    |    <= 'https://sso.back.domob-inc.cn:4443/cas/serviceValidate?service=http%3A%2F%2Flocalhost%2Fth%2Findex.php%3Fs%3Dhome%2Fuser%2Flogin'
13F4 .|    |    |    |    => CAS_Client::_readURL('https://sso.back.domob-inc.cn:4443/cas/serviceValidate?service=http%3A%2F%2Flocalhost%2Fth%2Findex.php%3Fs%3Dhome%2Fuser%2Flogin&ticket=ST-10663-weF01x7xd5JbSQYQYgfc-cas', NULL, NULL, NULL) [Client.php:3191]
13F4 .|    |    |    |    |    => CAS_Request_CurlRequest::sendRequest() [AbstractRequest.php:242]
13F4 .|    |    |    |    |    |    Response Body: 
13F4 .|    |    |    |    |    |    <cas:serviceResponse xmlns:cas='http://www.yale.edu/tp/cas'>
13F4 .|    |    |    |    |    |    	<cas:authenticationSuccess>
13F4 .|    |    |    |    |    |    		<cas:user>luotonglong@domob.cn</cas:user>
13F4 .|    |    |    |    |    |    
13F4 .|    |    |    |    |    |    
13F4 .|    |    |    |    |    |    	</cas:authenticationSuccess>
13F4 .|    |    |    |    |    |    </cas:serviceResponse>
13F4 .|    |    |    |    |    |     [CurlRequest.php:84]
13F4 .|    |    |    |    |    <= true
13F4 .|    |    |    |    <= true
13F4 .|    |    |    |    => CAS_Client::_readExtraAttributesCas20(DOMNodeList) [Client.php:3249]
13F4 .|    |    |    |    |    Testing for rubycas style attributes [Client.php:3376]
13F4 .|    |    |    |    <= ''
13F4 .|    |    |    |    Storing Proxy List [Client.php:3258]
13F4 .|    |    |    |    => CAS_ProxyChain_AllowedList::isProxyListAllowed(array ()) [Client.php:3261]
13F4 .|    |    |    |    |    No proxies were found in the response [AllowedList.php:81]
13F4 .|    |    |    |    <= true
13F4 .|    |    |    |    => CAS_Client::_renameSession('ST-10663-weF01x7xd5JbSQYQYgfc-cas') [Client.php:3293]
13F4 .|    |    |    |    |    Killing session: afui4j2689qnjn20bmmrit2b20 [Client.php:3681]
13F4 .|    |    |    |    |    Starting session: ST-10663-weF01x7xd5JbSQYQYgfc-cas [Client.php:3685]
13F4 .|    |    |    |    |    Restoring old session vars [Client.php:3688]
13F4 .|    |    |    |    <= ''
13F4 .|    |    |    <= true
13F4 .|    |    |    CAS 2.0 ticket `ST-10663-weF01x7xd5JbSQYQYgfc-cas' was validated [Client.php:1453]
13F4 .|    |    |    => CAS_Client::getURL() [Client.php:1518]
13F4 .|    |    |    <= 'http://localhost/th/index.php?s=home/user/login'
13F4 .|    |    |    Prepare redirect to : http://localhost/th/index.php?s=home/user/login [Client.php:1518]
13F4 .|    |    |    => CAS_Client::getURL() [Client.php:1520]
13F4 .|    |    |    <= 'http://localhost/th/index.php?s=home/user/login'
13F4 .|    |    |    exit()
13F4 .|    |    |    -
13F4 .|    |    -
13F4 .|    -
5440 .START (2016-12-07 19:22:47) phpCAS-1.3.4+ ****************** [CAS.php:467]
5440 .=> phpCAS::client('2.0', 'sso.back.domob-inc.cn', 4443, '/cas') [UserController.class.php:28]
5440 .|    => CAS_Client::__construct('2.0', false, 'sso.back.domob-inc.cn', 4443, '/cas', true) [CAS.php:359]
5440 .|    |    Session is not authenticated [Client.php:938]
5440 .|    <= ''
5440 .<= ''
5440 .=> phpCAS::setNoCasServerValidation() [UserController.class.php:29]
5440 .|    You have configured no validation of the legitimacy of the cas server. This is not recommended for production use. [CAS.php:1635]
5440 .<= ''
5440 .=> phpCAS::forceAuthentication() [UserController.class.php:32]
5440 .|    => CAS_Client::forceAuthentication() [CAS.php:1097]
5440 .|    |    => CAS_Client::isAuthenticated() [Client.php:1280]
5440 .|    |    |    => CAS_Client::_wasPreviouslyAuthenticated() [Client.php:1393]
5440 .|    |    |    |    no user found [Client.php:1635]
5440 .|    |    |    <= false
5440 .|    |    |    no ticket found [Client.php:1494]
5440 .|    |    <= false
5440 .|    |    => CAS_Client::redirectToCas(false) [Client.php:1289]
5440 .|    |    |    => CAS_Client::getServerLoginURL(false, false) [Client.php:1656]
5440 .|    |    |    |    => CAS_Client::getURL() [Client.php:342]
5440 .|    |    |    |    |    Final URI: http://localhost/th/index.php?s=home/user/login [Client.php:3548]
5440 .|    |    |    |    <= 'http://localhost/th/index.php?s=home/user/login'
5440 .|    |    |    <= 'https://sso.back.domob-inc.cn:4443/cas/login?service=http%3A%2F%2Flocalhost%2Fth%2Findex.php%3Fs%3Dhome%2Fuser%2Flogin'
5440 .|    |    |    Redirect to : https://sso.back.domob-inc.cn:4443/cas/login?service=http%3A%2F%2Flocalhost%2Fth%2Findex.php%3Fs%3Dhome%2Fuser%2Flogin [Client.php:1663]
5440 .|    |    |    exit()
5440 .|    |    |    -
5440 .|    |    -
5440 .|    -
BF56 .START (2016-12-07 19:22:47) phpCAS-1.3.4+ ****************** [CAS.php:467]
BF56 .=> phpCAS::client('2.0', 'sso.back.domob-inc.cn', 4443, '/cas') [UserController.class.php:28]
BF56 .|    => CAS_Client::__construct('2.0', false, 'sso.back.domob-inc.cn', 4443, '/cas', true) [CAS.php:359]
BF56 .|    |    Session is not authenticated [Client.php:938]
BF56 .|    |    Ticket 'ST-10664-TyR6lMnpVZ5x9kMiSur0-cas' found [Client.php:1020]
BF56 .|    <= ''
BF56 .<= ''
BF56 .=> phpCAS::setNoCasServerValidation() [UserController.class.php:29]
BF56 .|    You have configured no validation of the legitimacy of the cas server. This is not recommended for production use. [CAS.php:1635]
BF56 .<= ''
BF56 .=> phpCAS::forceAuthentication() [UserController.class.php:32]
BF56 .|    => CAS_Client::forceAuthentication() [CAS.php:1097]
BF56 .|    |    => CAS_Client::isAuthenticated() [Client.php:1280]
BF56 .|    |    |    => CAS_Client::_wasPreviouslyAuthenticated() [Client.php:1393]
BF56 .|    |    |    |    no user found [Client.php:1635]
BF56 .|    |    |    <= false
BF56 .|    |    |    CAS 2.0 ticket `ST-10664-TyR6lMnpVZ5x9kMiSur0-cas' is present [Client.php:1447]
BF56 .|    |    |    => CAS_Client::validateCAS20('', NULL, NULL, false) [Client.php:1450]
BF56 .|    |    |    |     [Client.php:3169]
BF56 .|    |    |    |    => CAS_Client::getServerServiceValidateURL() [Client.php:3176]
BF56 .|    |    |    |    |    => CAS_Client::getURL() [Client.php:453]
BF56 .|    |    |    |    |    |    Final URI: http://localhost/th/index.php?s=home/user/login [Client.php:3548]
BF56 .|    |    |    |    |    <= 'http://localhost/th/index.php?s=home/user/login'
BF56 .|    |    |    |    <= 'https://sso.back.domob-inc.cn:4443/cas/serviceValidate?service=http%3A%2F%2Flocalhost%2Fth%2Findex.php%3Fs%3Dhome%2Fuser%2Flogin'
BF56 .|    |    |    |    => CAS_Client::_readURL('https://sso.back.domob-inc.cn:4443/cas/serviceValidate?service=http%3A%2F%2Flocalhost%2Fth%2Findex.php%3Fs%3Dhome%2Fuser%2Flogin&ticket=ST-10664-TyR6lMnpVZ5x9kMiSur0-cas', NULL, NULL, NULL) [Client.php:3191]
BF56 .|    |    |    |    |    => CAS_Request_CurlRequest::sendRequest() [AbstractRequest.php:242]
BF56 .|    |    |    |    |    |    Response Body: 
BF56 .|    |    |    |    |    |    <cas:serviceResponse xmlns:cas='http://www.yale.edu/tp/cas'>
BF56 .|    |    |    |    |    |    	<cas:authenticationSuccess>
BF56 .|    |    |    |    |    |    		<cas:user>luotonglong@domob.cn</cas:user>
BF56 .|    |    |    |    |    |    
BF56 .|    |    |    |    |    |    
BF56 .|    |    |    |    |    |    	</cas:authenticationSuccess>
BF56 .|    |    |    |    |    |    </cas:serviceResponse>
BF56 .|    |    |    |    |    |     [CurlRequest.php:84]
BF56 .|    |    |    |    |    <= true
BF56 .|    |    |    |    <= true
BF56 .|    |    |    |    => CAS_Client::_readExtraAttributesCas20(DOMNodeList) [Client.php:3249]
BF56 .|    |    |    |    |    Testing for rubycas style attributes [Client.php:3376]
BF56 .|    |    |    |    <= ''
BF56 .|    |    |    |    Storing Proxy List [Client.php:3258]
BF56 .|    |    |    |    => CAS_ProxyChain_AllowedList::isProxyListAllowed(array ()) [Client.php:3261]
BF56 .|    |    |    |    |    No proxies were found in the response [AllowedList.php:81]
BF56 .|    |    |    |    <= true
BF56 .|    |    |    |    => CAS_Client::_renameSession('ST-10664-TyR6lMnpVZ5x9kMiSur0-cas') [Client.php:3293]
BF56 .|    |    |    |    |    Killing session: afui4j2689qnjn20bmmrit2b20 [Client.php:3681]
BF56 .|    |    |    |    |    Starting session: ST-10664-TyR6lMnpVZ5x9kMiSur0-cas [Client.php:3685]
BF56 .|    |    |    |    |    Restoring old session vars [Client.php:3688]
BF56 .|    |    |    |    <= ''
BF56 .|    |    |    <= true
BF56 .|    |    |    CAS 2.0 ticket `ST-10664-TyR6lMnpVZ5x9kMiSur0-cas' was validated [Client.php:1453]
BF56 .|    |    |    => CAS_Client::getURL() [Client.php:1518]
BF56 .|    |    |    <= 'http://localhost/th/index.php?s=home/user/login'
BF56 .|    |    |    Prepare redirect to : http://localhost/th/index.php?s=home/user/login [Client.php:1518]
BF56 .|    |    |    => CAS_Client::getURL() [Client.php:1520]
BF56 .|    |    |    <= 'http://localhost/th/index.php?s=home/user/login'
BF56 .|    |    |    exit()
BF56 .|    |    |    -
BF56 .|    |    -
BF56 .|    -
D4F4 .START (2016-12-07 19:22:47) phpCAS-1.3.4+ ****************** [CAS.php:467]
D4F4 .=> phpCAS::client('2.0', 'sso.back.domob-inc.cn', 4443, '/cas') [UserController.class.php:28]
D4F4 .|    => CAS_Client::__construct('2.0', false, 'sso.back.domob-inc.cn', 4443, '/cas', true) [CAS.php:359]
D4F4 .|    |    Session is authenticated as: luotonglong@domob.cn [Client.php:936]
D4F4 .|    <= ''
D4F4 .<= ''
D4F4 .=> phpCAS::setNoCasServerValidation() [UserController.class.php:29]
D4F4 .|    You have configured no validation of the legitimacy of the cas server. This is not recommended for production use. [CAS.php:1635]
D4F4 .<= ''
D4F4 .=> phpCAS::forceAuthentication() [UserController.class.php:32]
D4F4 .|    => CAS_Client::forceAuthentication() [CAS.php:1097]
D4F4 .|    |    => CAS_Client::isAuthenticated() [Client.php:1280]
D4F4 .|    |    |    => CAS_Client::_wasPreviouslyAuthenticated() [Client.php:1393]
D4F4 .|    |    |    |    user = `luotonglong@domob.cn' [Client.php:1622]
D4F4 .|    |    |    <= true
D4F4 .|    |    |    user was already authenticated, no need to look for tickets [Client.php:1417]
D4F4 .|    |    <= true
D4F4 .|    |    no need to authenticate [Client.php:1282]
D4F4 .|    <= true
D4F4 .<= ''
6671 .START (2016-12-07 19:23:47) phpCAS-1.3.4+ ****************** [CAS.php:467]
6671 .=> phpCAS::client('2.0', 'sso.back.domob-inc.cn', 4443, '/cas') [UserController.class.php:28]
6671 .|    => CAS_Client::__construct('2.0', false, 'sso.back.domob-inc.cn', 4443, '/cas', true) [CAS.php:359]
6671 .|    |    Session is authenticated as: luotonglong@domob.cn [Client.php:936]
6671 .|    <= ''
6671 .<= ''
6671 .=> phpCAS::setNoCasServerValidation() [UserController.class.php:29]
6671 .|    You have configured no validation of the legitimacy of the cas server. This is not recommended for production use. [CAS.php:1635]
6671 .<= ''
6671 .=> phpCAS::forceAuthentication() [UserController.class.php:32]
6671 .|    => CAS_Client::forceAuthentication() [CAS.php:1097]
6671 .|    |    => CAS_Client::isAuthenticated() [Client.php:1280]
6671 .|    |    |    => CAS_Client::_wasPreviouslyAuthenticated() [Client.php:1393]
6671 .|    |    |    |    user = `luotonglong@domob.cn' [Client.php:1622]
6671 .|    |    |    <= true
6671 .|    |    |    user was already authenticated, no need to look for tickets [Client.php:1417]
6671 .|    |    <= true
6671 .|    |    no need to authenticate [Client.php:1282]
6671 .|    <= true
6671 .<= ''
7A0A .START (2016-12-07 19:23:48) phpCAS-1.3.4+ ****************** [CAS.php:467]
7A0A .=> phpCAS::client('2.0', 'sso.back.domob-inc.cn', 4443, '/cas') [UserController.class.php:28]
7A0A .|    => CAS_Client::__construct('2.0', false, 'sso.back.domob-inc.cn', 4443, '/cas', true) [CAS.php:359]
7A0A .|    |    Session is authenticated as: luotonglong@domob.cn [Client.php:936]
7A0A .|    <= ''
7A0A .<= ''
7A0A .=> phpCAS::setNoCasServerValidation() [UserController.class.php:29]
7A0A .|    You have configured no validation of the legitimacy of the cas server. This is not recommended for production use. [CAS.php:1635]
7A0A .<= ''
7A0A .=> phpCAS::forceAuthentication() [UserController.class.php:32]
7A0A .|    => CAS_Client::forceAuthentication() [CAS.php:1097]
7A0A .|    |    => CAS_Client::isAuthenticated() [Client.php:1280]
7A0A .|    |    |    => CAS_Client::_wasPreviouslyAuthenticated() [Client.php:1393]
7A0A .|    |    |    |    user = `luotonglong@domob.cn' [Client.php:1622]
7A0A .|    |    |    <= true
7A0A .|    |    |    user was already authenticated, no need to look for tickets [Client.php:1417]
7A0A .|    |    <= true
7A0A .|    |    no need to authenticate [Client.php:1282]
7A0A .|    <= true
7A0A .<= ''
A3DA .START (2016-12-07 19:23:57) phpCAS-1.3.4+ ****************** [CAS.php:467]
A3DA .=> phpCAS::client('2.0', 'sso.back.domob-inc.cn', 4443, '/cas') [UserController.class.php:28]
A3DA .|    => CAS_Client::__construct('2.0', false, 'sso.back.domob-inc.cn', 4443, '/cas', true) [CAS.php:359]
A3DA .|    |    Session is not authenticated [Client.php:938]
A3DA .|    <= ''
A3DA .<= ''
A3DA .=> phpCAS::setNoCasServerValidation() [UserController.class.php:29]
A3DA .|    You have configured no validation of the legitimacy of the cas server. This is not recommended for production use. [CAS.php:1635]
A3DA .<= ''
A3DA .=> phpCAS::forceAuthentication() [UserController.class.php:32]
A3DA .|    => CAS_Client::forceAuthentication() [CAS.php:1097]
A3DA .|    |    => CAS_Client::isAuthenticated() [Client.php:1280]
A3DA .|    |    |    => CAS_Client::_wasPreviouslyAuthenticated() [Client.php:1393]
A3DA .|    |    |    |    no user found [Client.php:1635]
A3DA .|    |    |    <= false
A3DA .|    |    |    no ticket found [Client.php:1494]
A3DA .|    |    <= false
A3DA .|    |    => CAS_Client::redirectToCas(false) [Client.php:1289]
A3DA .|    |    |    => CAS_Client::getServerLoginURL(false, false) [Client.php:1656]
A3DA .|    |    |    |    => CAS_Client::getURL() [Client.php:342]
A3DA .|    |    |    |    |    Final URI: http://localhost/th/index.php?s=home/user/login [Client.php:3548]
A3DA .|    |    |    |    <= 'http://localhost/th/index.php?s=home/user/login'
A3DA .|    |    |    <= 'https://sso.back.domob-inc.cn:4443/cas/login?service=http%3A%2F%2Flocalhost%2Fth%2Findex.php%3Fs%3Dhome%2Fuser%2Flogin'
A3DA .|    |    |    Redirect to : https://sso.back.domob-inc.cn:4443/cas/login?service=http%3A%2F%2Flocalhost%2Fth%2Findex.php%3Fs%3Dhome%2Fuser%2Flogin [Client.php:1663]
A3DA .|    |    |    exit()
A3DA .|    |    |    -
A3DA .|    |    -
A3DA .|    -
0C46 .START (2016-12-07 19:23:58) phpCAS-1.3.4+ ****************** [CAS.php:467]
0C46 .=> phpCAS::client('2.0', 'sso.back.domob-inc.cn', 4443, '/cas') [UserController.class.php:28]
0C46 .|    => CAS_Client::__construct('2.0', false, 'sso.back.domob-inc.cn', 4443, '/cas', true) [CAS.php:359]
0C46 .|    |    Session is not authenticated [Client.php:938]
0C46 .|    |    Ticket 'ST-8716-Eegc1u1dV97UsqDH4v2A-cas' found [Client.php:1020]
0C46 .|    <= ''
0C46 .<= ''
0C46 .=> phpCAS::setNoCasServerValidation() [UserController.class.php:29]
0C46 .|    You have configured no validation of the legitimacy of the cas server. This is not recommended for production use. [CAS.php:1635]
0C46 .<= ''
0C46 .=> phpCAS::forceAuthentication() [UserController.class.php:32]
0C46 .|    => CAS_Client::forceAuthentication() [CAS.php:1097]
0C46 .|    |    => CAS_Client::isAuthenticated() [Client.php:1280]
0C46 .|    |    |    => CAS_Client::_wasPreviouslyAuthenticated() [Client.php:1393]
0C46 .|    |    |    |    no user found [Client.php:1635]
0C46 .|    |    |    <= false
0C46 .|    |    |    CAS 2.0 ticket `ST-8716-Eegc1u1dV97UsqDH4v2A-cas' is present [Client.php:1447]
0C46 .|    |    |    => CAS_Client::validateCAS20('', NULL, NULL, false) [Client.php:1450]
0C46 .|    |    |    |     [Client.php:3169]
0C46 .|    |    |    |    => CAS_Client::getServerServiceValidateURL() [Client.php:3176]
0C46 .|    |    |    |    |    => CAS_Client::getURL() [Client.php:453]
0C46 .|    |    |    |    |    |    Final URI: http://localhost/th/index.php?s=home/user/login [Client.php:3548]
0C46 .|    |    |    |    |    <= 'http://localhost/th/index.php?s=home/user/login'
0C46 .|    |    |    |    <= 'https://sso.back.domob-inc.cn:4443/cas/serviceValidate?service=http%3A%2F%2Flocalhost%2Fth%2Findex.php%3Fs%3Dhome%2Fuser%2Flogin'
0C46 .|    |    |    |    => CAS_Client::_readURL('https://sso.back.domob-inc.cn:4443/cas/serviceValidate?service=http%3A%2F%2Flocalhost%2Fth%2Findex.php%3Fs%3Dhome%2Fuser%2Flogin&ticket=ST-8716-Eegc1u1dV97UsqDH4v2A-cas', NULL, NULL, NULL) [Client.php:3191]
0C46 .|    |    |    |    |    => CAS_Request_CurlRequest::sendRequest() [AbstractRequest.php:242]
0C46 .|    |    |    |    |    |    Response Body: 
0C46 .|    |    |    |    |    |    <cas:serviceResponse xmlns:cas='http://www.yale.edu/tp/cas'>
0C46 .|    |    |    |    |    |    	<cas:authenticationSuccess>
0C46 .|    |    |    |    |    |    		<cas:user>luotonglong@domob.cn</cas:user>
0C46 .|    |    |    |    |    |    
0C46 .|    |    |    |    |    |    
0C46 .|    |    |    |    |    |    	</cas:authenticationSuccess>
0C46 .|    |    |    |    |    |    </cas:serviceResponse>
0C46 .|    |    |    |    |    |     [CurlRequest.php:84]
0C46 .|    |    |    |    |    <= true
0C46 .|    |    |    |    <= true
0C46 .|    |    |    |    => CAS_Client::_readExtraAttributesCas20(DOMNodeList) [Client.php:3249]
0C46 .|    |    |    |    |    Testing for rubycas style attributes [Client.php:3376]
0C46 .|    |    |    |    <= ''
0C46 .|    |    |    |    Storing Proxy List [Client.php:3258]
0C46 .|    |    |    |    => CAS_ProxyChain_AllowedList::isProxyListAllowed(array ()) [Client.php:3261]
0C46 .|    |    |    |    |    No proxies were found in the response [AllowedList.php:81]
0C46 .|    |    |    |    <= true
0C46 .|    |    |    |    => CAS_Client::_renameSession('ST-8716-Eegc1u1dV97UsqDH4v2A-cas') [Client.php:3293]
0C46 .|    |    |    |    |    Killing session: 22obms68r5pov0eatr9m8trgl7 [Client.php:3681]
0C46 .|    |    |    |    |    Starting session: ST-8716-Eegc1u1dV97UsqDH4v2A-cas [Client.php:3685]
0C46 .|    |    |    |    |    Restoring old session vars [Client.php:3688]
0C46 .|    |    |    |    <= ''
0C46 .|    |    |    <= true
0C46 .|    |    |    CAS 2.0 ticket `ST-8716-Eegc1u1dV97UsqDH4v2A-cas' was validated [Client.php:1453]
0C46 .|    |    |    => CAS_Client::getURL() [Client.php:1518]
0C46 .|    |    |    <= 'http://localhost/th/index.php?s=home/user/login'
0C46 .|    |    |    Prepare redirect to : http://localhost/th/index.php?s=home/user/login [Client.php:1518]
0C46 .|    |    |    => CAS_Client::getURL() [Client.php:1520]
0C46 .|    |    |    <= 'http://localhost/th/index.php?s=home/user/login'
0C46 .|    |    |    exit()
0C46 .|    |    |    -
0C46 .|    |    -
0C46 .|    -
CE32 .START (2016-12-07 19:23:58) phpCAS-1.3.4+ ****************** [CAS.php:467]
CE32 .=> phpCAS::client('2.0', 'sso.back.domob-inc.cn', 4443, '/cas') [UserController.class.php:28]
CE32 .|    => CAS_Client::__construct('2.0', false, 'sso.back.domob-inc.cn', 4443, '/cas', true) [CAS.php:359]
CE32 .|    |    Session is authenticated as: luotonglong@domob.cn [Client.php:936]
CE32 .|    <= ''
CE32 .<= ''
CE32 .=> phpCAS::setNoCasServerValidation() [UserController.class.php:29]
CE32 .|    You have configured no validation of the legitimacy of the cas server. This is not recommended for production use. [CAS.php:1635]
CE32 .<= ''
CE32 .=> phpCAS::forceAuthentication() [UserController.class.php:32]
CE32 .|    => CAS_Client::forceAuthentication() [CAS.php:1097]
CE32 .|    |    => CAS_Client::isAuthenticated() [Client.php:1280]
CE32 .|    |    |    => CAS_Client::_wasPreviouslyAuthenticated() [Client.php:1393]
CE32 .|    |    |    |    user = `luotonglong@domob.cn' [Client.php:1622]
CE32 .|    |    |    <= true
CE32 .|    |    |    user was already authenticated, no need to look for tickets [Client.php:1417]
CE32 .|    |    <= true
CE32 .|    |    no need to authenticate [Client.php:1282]
CE32 .|    <= true
CE32 .<= ''
BF83 .START (2016-12-07 19:24:08) phpCAS-1.3.4+ ****************** [CAS.php:467]
BF83 .=> phpCAS::client('2.0', 'sso.back.domob-inc.cn', 4443, '/cas') [UserController.class.php:28]
BF83 .|    => CAS_Client::__construct('2.0', false, 'sso.back.domob-inc.cn', 4443, '/cas', true) [CAS.php:359]
BF83 .|    |    Session is not authenticated [Client.php:938]
BF83 .|    <= ''
BF83 .<= ''
BF83 .=> phpCAS::setNoCasServerValidation() [UserController.class.php:29]
BF83 .|    You have configured no validation of the legitimacy of the cas server. This is not recommended for production use. [CAS.php:1635]
BF83 .<= ''
BF83 .=> phpCAS::forceAuthentication() [UserController.class.php:32]
BF83 .|    => CAS_Client::forceAuthentication() [CAS.php:1097]
BF83 .|    |    => CAS_Client::isAuthenticated() [Client.php:1280]
BF83 .|    |    |    => CAS_Client::_wasPreviouslyAuthenticated() [Client.php:1393]
BF83 .|    |    |    |    no user found [Client.php:1635]
BF83 .|    |    |    <= false
BF83 .|    |    |    no ticket found [Client.php:1494]
BF83 .|    |    <= false
BF83 .|    |    => CAS_Client::redirectToCas(false) [Client.php:1289]
BF83 .|    |    |    => CAS_Client::getServerLoginURL(false, false) [Client.php:1656]
BF83 .|    |    |    |    => CAS_Client::getURL() [Client.php:342]
BF83 .|    |    |    |    |    Final URI: http://localhost/th/index.php?s=home/user/login [Client.php:3548]
BF83 .|    |    |    |    <= 'http://localhost/th/index.php?s=home/user/login'
BF83 .|    |    |    <= 'https://sso.back.domob-inc.cn:4443/cas/login?service=http%3A%2F%2Flocalhost%2Fth%2Findex.php%3Fs%3Dhome%2Fuser%2Flogin'
BF83 .|    |    |    Redirect to : https://sso.back.domob-inc.cn:4443/cas/login?service=http%3A%2F%2Flocalhost%2Fth%2Findex.php%3Fs%3Dhome%2Fuser%2Flogin [Client.php:1663]
BF83 .|    |    |    exit()
BF83 .|    |    |    -
BF83 .|    |    -
BF83 .|    -
16FB .START (2016-12-07 19:24:10) phpCAS-1.3.4+ ****************** [CAS.php:467]
16FB .=> phpCAS::client('2.0', 'sso.back.domob-inc.cn', 4443, '/cas') [UserController.class.php:28]
16FB .|    => CAS_Client::__construct('2.0', false, 'sso.back.domob-inc.cn', 4443, '/cas', true) [CAS.php:359]
16FB .|    |    Session is not authenticated [Client.php:938]
16FB .|    |    Ticket 'ST-8717-gkOWmHyvW1ELXbkumbqq-cas' found [Client.php:1020]
16FB .|    <= ''
16FB .<= ''
16FB .=> phpCAS::setNoCasServerValidation() [UserController.class.php:29]
16FB .|    You have configured no validation of the legitimacy of the cas server. This is not recommended for production use. [CAS.php:1635]
16FB .<= ''
16FB .=> phpCAS::forceAuthentication() [UserController.class.php:32]
16FB .|    => CAS_Client::forceAuthentication() [CAS.php:1097]
16FB .|    |    => CAS_Client::isAuthenticated() [Client.php:1280]
16FB .|    |    |    => CAS_Client::_wasPreviouslyAuthenticated() [Client.php:1393]
16FB .|    |    |    |    no user found [Client.php:1635]
16FB .|    |    |    <= false
16FB .|    |    |    CAS 2.0 ticket `ST-8717-gkOWmHyvW1ELXbkumbqq-cas' is present [Client.php:1447]
16FB .|    |    |    => CAS_Client::validateCAS20('', NULL, NULL, false) [Client.php:1450]
16FB .|    |    |    |     [Client.php:3169]
16FB .|    |    |    |    => CAS_Client::getServerServiceValidateURL() [Client.php:3176]
16FB .|    |    |    |    |    => CAS_Client::getURL() [Client.php:453]
16FB .|    |    |    |    |    |    Final URI: http://localhost/th/index.php?s=home/user/login [Client.php:3548]
16FB .|    |    |    |    |    <= 'http://localhost/th/index.php?s=home/user/login'
16FB .|    |    |    |    <= 'https://sso.back.domob-inc.cn:4443/cas/serviceValidate?service=http%3A%2F%2Flocalhost%2Fth%2Findex.php%3Fs%3Dhome%2Fuser%2Flogin'
16FB .|    |    |    |    => CAS_Client::_readURL('https://sso.back.domob-inc.cn:4443/cas/serviceValidate?service=http%3A%2F%2Flocalhost%2Fth%2Findex.php%3Fs%3Dhome%2Fuser%2Flogin&ticket=ST-8717-gkOWmHyvW1ELXbkumbqq-cas', NULL, NULL, NULL) [Client.php:3191]
16FB .|    |    |    |    |    => CAS_Request_CurlRequest::sendRequest() [AbstractRequest.php:242]
16FB .|    |    |    |    |    |    Response Body: 
16FB .|    |    |    |    |    |    <cas:serviceResponse xmlns:cas='http://www.yale.edu/tp/cas'>
16FB .|    |    |    |    |    |    	<cas:authenticationSuccess>
16FB .|    |    |    |    |    |    		<cas:user>luotonglong@domob.cn</cas:user>
16FB .|    |    |    |    |    |    
16FB .|    |    |    |    |    |    
16FB .|    |    |    |    |    |    	</cas:authenticationSuccess>
16FB .|    |    |    |    |    |    </cas:serviceResponse>
16FB .|    |    |    |    |    |     [CurlRequest.php:84]
16FB .|    |    |    |    |    <= true
16FB .|    |    |    |    <= true
16FB .|    |    |    |    => CAS_Client::_readExtraAttributesCas20(DOMNodeList) [Client.php:3249]
16FB .|    |    |    |    |    Testing for rubycas style attributes [Client.php:3376]
16FB .|    |    |    |    <= ''
16FB .|    |    |    |    Storing Proxy List [Client.php:3258]
16FB .|    |    |    |    => CAS_ProxyChain_AllowedList::isProxyListAllowed(array ()) [Client.php:3261]
16FB .|    |    |    |    |    No proxies were found in the response [AllowedList.php:81]
16FB .|    |    |    |    <= true
16FB .|    |    |    |    => CAS_Client::_renameSession('ST-8717-gkOWmHyvW1ELXbkumbqq-cas') [Client.php:3293]
16FB .|    |    |    |    |    Killing session: 6n6iaepmn59thq3763sfb214i3 [Client.php:3681]
16FB .|    |    |    |    |    Starting session: ST-8717-gkOWmHyvW1ELXbkumbqq-cas [Client.php:3685]
16FB .|    |    |    |    |    Restoring old session vars [Client.php:3688]
16FB .|    |    |    |    <= ''
16FB .|    |    |    <= true
16FB .|    |    |    CAS 2.0 ticket `ST-8717-gkOWmHyvW1ELXbkumbqq-cas' was validated [Client.php:1453]
16FB .|    |    |    => CAS_Client::getURL() [Client.php:1518]
16FB .|    |    |    <= 'http://localhost/th/index.php?s=home/user/login'
16FB .|    |    |    Prepare redirect to : http://localhost/th/index.php?s=home/user/login [Client.php:1518]
16FB .|    |    |    => CAS_Client::getURL() [Client.php:1520]
16FB .|    |    |    <= 'http://localhost/th/index.php?s=home/user/login'
16FB .|    |    |    exit()
16FB .|    |    |    -
16FB .|    |    -
16FB .|    -
4F2F .START (2016-12-07 19:24:11) phpCAS-1.3.4+ ****************** [CAS.php:467]
4F2F .=> phpCAS::client('2.0', 'sso.back.domob-inc.cn', 4443, '/cas') [UserController.class.php:28]
4F2F .|    => CAS_Client::__construct('2.0', false, 'sso.back.domob-inc.cn', 4443, '/cas', true) [CAS.php:359]
4F2F .|    |    Session is authenticated as: luotonglong@domob.cn [Client.php:936]
4F2F .|    <= ''
4F2F .<= ''
4F2F .=> phpCAS::setNoCasServerValidation() [UserController.class.php:29]
4F2F .|    You have configured no validation of the legitimacy of the cas server. This is not recommended for production use. [CAS.php:1635]
4F2F .<= ''
4F2F .=> phpCAS::forceAuthentication() [UserController.class.php:32]
4F2F .|    => CAS_Client::forceAuthentication() [CAS.php:1097]
4F2F .|    |    => CAS_Client::isAuthenticated() [Client.php:1280]
4F2F .|    |    |    => CAS_Client::_wasPreviouslyAuthenticated() [Client.php:1393]
4F2F .|    |    |    |    user = `luotonglong@domob.cn' [Client.php:1622]
4F2F .|    |    |    <= true
4F2F .|    |    |    user was already authenticated, no need to look for tickets [Client.php:1417]
4F2F .|    |    <= true
4F2F .|    |    no need to authenticate [Client.php:1282]
4F2F .|    <= true
4F2F .<= ''
